<?xml version="1.0" encoding="utf-8"?><testsuites name="pytest tests"><testsuite name="pytest" errors="0" failures="1" skipped="0" tests="27" time="12.450" timestamp="2026-08-07T16:05:46.293741+00:00" hostname="agent-env-7bc058c2-ab57-437f-8d04-6c86ff1ce3a0"><testcase classname="tests.backend_test.TestAuth" name="test_admin_login_returns_admin_role_and_cookie" time="0.465" /><testcase classname="tests.backend_test.TestCatalog" name="test_list_products" time="0.203" /><testcase classname="tests.backend_test.TestCatalog" name="test_list_products_free" time="0.266" /><testcase classname="tests.backend_test.TestAuth" name="test_login_invalid" time="0.320" /><testcase classname="tests.backend_test.TestCatalog" name="test_list_products_paid" time="0.316" /><testcase classname="tests.backend_test.TestCatalog" name="test_search" time="0.129" /><testcase classname="tests.backend_test.TestCatalog" name="test_get_product_increments_views" time="0.374"><failure message="assert 155 &gt;= (155 + 1)">backend/tests/backend_test.py:102: in test_get_product_increments_views
    assert r.json()["views"] &gt;= v0 + 1
E   assert 155 &gt;= (155 + 1)</failure></testcase><testcase classname="tests.backend_test.TestAuth" name="test_register_and_me" time="0.449" /><testcase classname="tests.backend_test.TestAuth" name="test_me_unauth" time="0.110" /><testcase classname="tests.backend_test.TestCatalog" name="test_categories" time="0.118" /><testcase classname="tests.backend_test.TestAdminGating" name="test_product_create_unauth" time="0.104" /><testcase classname="tests.backend_test.TestCatalog" name="test_skills" time="0.101" /><testcase classname="tests.backend_test.TestAdminGating" name="test_product_create_user_forbidden" time="0.046" /><testcase classname="tests.backend_test.TestAdminGating" name="test_admin_metrics_unauth" time="0.130" /><testcase classname="tests.backend_test.TestCatalog" name="test_skills_search" time="0.135" /><testcase classname="tests.backend_test.TestAdminGating" name="test_admin_metrics_user_forbidden" time="0.095" /><testcase classname="tests.backend_test.TestCatalog" name="test_community" time="0.107" /><testcase classname="tests.backend_test.TestCatalog" name="test_faqs" time="0.275" /><testcase classname="tests.backend_test.TestLeadsAndAccount" name="test_free_lead_returns_download_url_and_records" time="1.030" /><testcase classname="tests.backend_test.TestAdminCRUD" name="test_category_crud" time="0.589" /><testcase classname="tests.backend_test.TestAdminCRUD" name="test_product_crud_and_persistence" time="1.909" /><testcase classname="tests.backend_test.TestLeadsAndAccount" name="test_purchase_track" time="0.204" /><testcase classname="tests.backend_test.TestLeadsAndAccount" name="test_purchase_track_unauth" time="0.101" /><testcase classname="tests.backend_test.TestAI" name="test_recommend" time="5.838" /><testcase classname="tests.backend_test.TestAdminOps" name="test_metrics" time="0.114" /><testcase classname="tests.backend_test.TestAdminOps" name="test_leads_list_and_update" time="0.366" /><testcase classname="tests.backend_test.TestAI" name="test_chat_stream" time="2.953" /></testsuite></testsuites>